<?xml version="1.0" encoding="UTF-8"?>
<!-- Generated by org.testng.reporters.JUnitReportReporter -->
<testsuite hostname="IN-NPANDEY" failures="0" tests="1" name="scripts.Tc1" time="0.026" errors="0" timestamp="2022-12-28T15:46:41 IST" skipped="0">
  <testcase classname="scripts.Tc1" name="demo" time="0.026"/>
  <system-out>
    <![CDATA[hello tc1]]>
  </system-out>
</testsuite> <!-- scripts.Tc1 -->
