<?xml version="1.0" encoding="UTF-8"?>
<!-- Generated by org.testng.reporters.JUnitReportReporter -->
<testsuite hostname="IN-NPANDEY" failures="0" tests="1" name="scripts.Tc2" time="0.005" errors="0" timestamp="2022-12-28T15:46:41 IST" skipped="0">
  <testcase classname="scripts.Tc2" name="demo" time="0.005"/>
  <system-out>
    <![CDATA[hello tc2]]>
  </system-out>
</testsuite> <!-- scripts.Tc2 -->
